<?xml version="1.0" encoding="UTF-8"?>
<!-- Generated by org.testng.reporters.JUnitXMLReporter -->
<testsuite hostname="DESKTOP-1HCFC76" ignored="0" name="Command line test" tests="3" failures="1" timestamp="2022-03-06T16:09:33 GMT" time="5.196" errors="0">
  <testcase name="connectionTest" time="0.835" classname="reviewWithOscar.jdbc.TestWithOracle"/>
  <testcase name="connectionTest2" time="0.858" classname="reviewWithOscar.jdbc.TestWithOracle"/>
  <testcase name="verifyExample" time="0.001" classname="reviewWithOscar.jdbc.TestWithOracle">
    <failure type="java.lang.ClassCastException" message="java.math.BigDecimal cannot be cast to java.lang.Integer">
      <![CDATA[java.lang.ClassCastException: java.math.BigDecimal cannot be cast to java.lang.Integer
at reviewWithOscar.jdbc.TestWithOracle.verifyExample(TestWithOracle.java:78)
at java.util.ArrayList.forEach(ArrayList.java:1257)
... Removed 36 stack frames]]>
    </failure>
  </testcase> <!-- verifyExample -->
</testsuite> <!-- Command line test -->
