-------------------------------------------------------------------------------
Test set: reviewWithOscar.jdbc.TestWithOracle
-------------------------------------------------------------------------------
Tests run: 3, Failures: 1, Errors: 0, Skipped: 0, Time elapsed: 6.037 sec <<< FAILURE!
verifyExample(reviewWithOscar.jdbc.TestWithOracle)  Time elapsed: 0.035 sec  <<< FAILURE!
java.lang.ClassCastException: java.math.BigDecimal cannot be cast to java.lang.Integer
	at reviewWithOscar.jdbc.TestWithOracle.verifyExample(TestWithOracle.java:78)

