<?xml version="1.0" encoding="UTF-8" ?>
<testsuite tests="3" failures="1" name="reviewWithOscar.jdbc.TestWithOracle" time="1.734" errors="0" skipped="0">
  <properties>
[...]
</properties>
  <testcase classname="reviewWithOscar.jdbc.TestWithOracle" name="connectionTest" time="0.84"/>
  <testcase classname="reviewWithOscar.jdbc.TestWithOracle" name="connectionTest2" time="0.859"/>
  <testcase classname="reviewWithOscar.jdbc.TestWithOracle" name="verifyExample" time="0.035">
    <failure message="java.math.BigDecimal cannot be cast to java.lang.Integer" type="java.lang.ClassCastException">java.lang.ClassCastException: java.math.BigDecimal cannot be cast to java.lang.Integer
	at reviewWithOscar.jdbc.TestWithOracle.verifyExample(TestWithOracle.java:78)
</failure>
  </testcase>
</testsuite>