<?xml version="1.0" encoding="UTF-8"?>
<testng-results skipped="0" failed="1" ignored="0" total="3" passed="2">
  <reporter-output>
  </reporter-output>
  <suite name="reviewWithOscar.jdbc.TestWithOracle" duration-ms="5196" started-at="2022-03-06T16:09:28 GMT" finished-at="2022-03-06T16:09:33 GMT">
    <groups>
    </groups>
    <test name="Command line test" duration-ms="5196" started-at="2022-03-06T16:09:28 GMT" finished-at="2022-03-06T16:09:33 GMT">
      <class name="reviewWithOscar.jdbc.TestWithOracle">
        <test-method status="PASS" signature="connectToDB()[pri:0, instance:reviewWithOscar.jdbc.TestWithOracle@1fdc050]" name="connectToDB" is-config="true" duration-ms="1422" started-at="2022-03-06T16:09:28 GMT" finished-at="2022-03-06T16:09:30 GMT">
          <reporter-output>
          </reporter-output>
        </test-method> <!-- connectToDB -->
        <test-method status="PASS" signature="connectionTest()[pri:0, instance:reviewWithOscar.jdbc.TestWithOracle@1fdc050]" name="connectionTest" duration-ms="835" started-at="2022-03-06T16:09:30 GMT" finished-at="2022-03-06T16:09:31 GMT">
          <reporter-output>
          </reporter-output>
        </test-method> <!-- connectionTest -->
        <test-method status="PASS" signature="closeDB()[pri:0, instance:reviewWithOscar.jdbc.TestWithOracle@1fdc050]" name="closeDB" is-config="true" duration-ms="85" started-at="2022-03-06T16:09:31 GMT" finished-at="2022-03-06T16:09:31 GMT">
          <reporter-output>
          </reporter-output>
        </test-method> <!-- closeDB -->
        <test-method status="PASS" signature="connectToDB()[pri:0, instance:reviewWithOscar.jdbc.TestWithOracle@1fdc050]" name="connectToDB" is-config="true" duration-ms="876" started-at="2022-03-06T16:09:31 GMT" finished-at="2022-03-06T16:09:32 GMT">
          <reporter-output>
          </reporter-output>
        </test-method> <!-- connectToDB -->
        <test-method status="PASS" signature="connectionTest2()[pri:0, instance:reviewWithOscar.jdbc.TestWithOracle@1fdc050]" name="connectionTest2" duration-ms="858" started-at="2022-03-06T16:09:32 GMT" finished-at="2022-03-06T16:09:32 GMT">
          <reporter-output>
          </reporter-output>
        </test-method> <!-- connectionTest2 -->
        <test-method status="PASS" signature="closeDB()[pri:0, instance:reviewWithOscar.jdbc.TestWithOracle@1fdc050]" name="closeDB" is-config="true" duration-ms="84" started-at="2022-03-06T16:09:32 GMT" finished-at="2022-03-06T16:09:32 GMT">
          <reporter-output>
          </reporter-output>
        </test-method> <!-- closeDB -->
        <test-method status="PASS" signature="connectToDB()[pri:0, instance:reviewWithOscar.jdbc.TestWithOracle@1fdc050]" name="connectToDB" is-config="true" duration-ms="866" started-at="2022-03-06T16:09:32 GMT" finished-at="2022-03-06T16:09:33 GMT">
          <reporter-output>
          </reporter-output>
        </test-method> <!-- connectToDB -->
        <test-method status="FAIL" signature="verifyExample()[pri:0, instance:reviewWithOscar.jdbc.TestWithOracle@1fdc050]" name="verifyExample" duration-ms="1" started-at="2022-03-06T16:09:33 GMT" finished-at="2022-03-06T16:09:33 GMT">
          <exception class="java.lang.ClassCastException">
            <message>
              <![CDATA[java.math.BigDecimal cannot be cast to java.lang.Integer]]>
            </message>
            <full-stacktrace>
              <![CDATA[java.lang.ClassCastException: java.math.BigDecimal cannot be cast to java.lang.Integer
at reviewWithOscar.jdbc.TestWithOracle.verifyExample(TestWithOracle.java:78)
at sun.reflect.NativeMethodAccessorImpl.invoke0(Native Method)
at sun.reflect.NativeMethodAccessorImpl.invoke(NativeMethodAccessorImpl.java:62)
at sun.reflect.DelegatingMethodAccessorImpl.invoke(DelegatingMethodAccessorImpl.java:43)
at java.lang.reflect.Method.invoke(Method.java:498)
at org.testng.internal.MethodInvocationHelper.invokeMethod(MethodInvocationHelper.java:134)
at org.testng.internal.TestInvoker.invokeMethod(TestInvoker.java:597)
at org.testng.internal.TestInvoker.invokeTestMethod(TestInvoker.java:173)
at org.testng.internal.MethodRunner.runInSequence(MethodRunner.java:46)
at org.testng.internal.TestInvoker$MethodInvocationAgent.invoke(TestInvoker.java:816)
at org.testng.internal.TestInvoker.invokeTestMethods(TestInvoker.java:146)
at org.testng.internal.TestMethodWorker.invokeTestMethods(TestMethodWorker.java:146)
at org.testng.internal.TestMethodWorker.run(TestMethodWorker.java:128)
at java.util.ArrayList.forEach(ArrayList.java:1257)
at org.testng.TestRunner.privateRun(TestRunner.java:766)
at org.testng.TestRunner.run(TestRunner.java:587)
at org.testng.SuiteRunner.runTest(SuiteRunner.java:384)
at org.testng.SuiteRunner.runSequentially(SuiteRunner.java:378)
at org.testng.SuiteRunner.privateRun(SuiteRunner.java:337)
at org.testng.SuiteRunner.run(SuiteRunner.java:286)
at org.testng.SuiteRunnerWorker.runSuite(SuiteRunnerWorker.java:53)
at org.testng.SuiteRunnerWorker.run(SuiteRunnerWorker.java:96)
at org.testng.TestNG.runSuitesSequentially(TestNG.java:1187)
at org.testng.TestNG.runSuitesLocally(TestNG.java:1109)
at org.testng.TestNG.runSuites(TestNG.java:1039)
at org.testng.TestNG.run(TestNG.java:1007)
at org.apache.maven.surefire.testng.TestNGExecutor.run(TestNGExecutor.java:77)
at org.apache.maven.surefire.testng.TestNGDirectoryTestSuite.execute(TestNGDirectoryTestSuite.java:110)
at org.apache.maven.surefire.testng.TestNGProvider.invoke(TestNGProvider.java:106)
at sun.reflect.NativeMethodAccessorImpl.invoke0(Native Method)
at sun.reflect.NativeMethodAccessorImpl.invoke(NativeMethodAccessorImpl.java:62)
at sun.reflect.DelegatingMethodAccessorImpl.invoke(DelegatingMethodAccessorImpl.java:43)
at java.lang.reflect.Method.invoke(Method.java:498)
at org.apache.maven.surefire.util.ReflectionUtils.invokeMethodWithArray(ReflectionUtils.java:189)
at org.apache.maven.surefire.booter.ProviderFactory$ProviderProxy.invoke(ProviderFactory.java:165)
at org.apache.maven.surefire.booter.ProviderFactory.invokeProvider(ProviderFactory.java:85)
at org.apache.maven.surefire.booter.ForkedBooter.runSuitesInProcess(ForkedBooter.java:115)
at org.apache.maven.surefire.booter.ForkedBooter.main(ForkedBooter.java:75)
]]>
            </full-stacktrace>
          </exception> <!-- java.lang.ClassCastException -->
          <reporter-output>
          </reporter-output>
        </test-method> <!-- verifyExample -->
        <test-method status="PASS" signature="closeDB()[pri:0, instance:reviewWithOscar.jdbc.TestWithOracle@1fdc050]" name="closeDB" is-config="true" duration-ms="84" started-at="2022-03-06T16:09:33 GMT" finished-at="2022-03-06T16:09:33 GMT">
          <reporter-output>
          </reporter-output>
        </test-method> <!-- closeDB -->
      </class> <!-- reviewWithOscar.jdbc.TestWithOracle -->
    </test> <!-- Command line test -->
  </suite> <!-- reviewWithOscar.jdbc.TestWithOracle -->
</testng-results>
